<?xml version="1.0" encoding="UTF-8"?>
<testsuite xmlns:xsi="http://www.w3.org/2001/XMLSchema-instance" xsi:noNamespaceSchemaLocation="https://maven.apache.org/surefire/maven-surefire-plugin/xsd/surefire-test-report-3.0.xsd" version="3.0" name="ci553.happyshop.client.customer.CustomerModelSearchTest" time="0.359" tests="4" errors="4" skipped="0" failures="0">
  <properties>
[...]
</properties>
  <testcase name="testSearchByProductId" classname="ci553.happyshop.client.customer.CustomerModelSearchTest" time="0.349">
    <error type="java.lang.ExceptionInInitializerError"><![CDATA[java.lang.ExceptionInInitializerError
	at ci553.happyshop@1.0-SNAPSHOT/ci553.happyshop.client.customer.CustomerModelSearchTest$MockCustomerView.<init>(CustomerModelSearchTest.java:118)
	at ci553.happyshop@1.0-SNAPSHOT/ci553.happyshop.client.customer.CustomerModelSearchTest.setUp(CustomerModelSearchTest.java:42)
	at java.base/java.lang.reflect.Method.invoke(Method.java:565)
	at java.base/java.util.ArrayList.forEach(ArrayList.java:1604)
	at java.base/java.util.ArrayList.forEach(ArrayList.java:1604)
Caused by: java.lang.IllegalStateException: Toolkit not initialized
	at javafx.graphics@21.0.7/com.sun.javafx.application.PlatformImpl.runLater(PlatformImpl.java:436)
	at javafx.graphics@21.0.7/com.sun.javafx.application.PlatformImpl.runLater(PlatformImpl.java:431)
	at javafx.graphics@21.0.7/com.sun.javafx.application.PlatformImpl.setPlatformUserAgentStylesheet(PlatformImpl.java:724)
	at javafx.graphics@21.0.7/com.sun.javafx.application.PlatformImpl.setDefaultPlatformUserAgentStylesheet(PlatformImpl.java:686)
	at javafx.controls@21.0.7/javafx.scene.control.Control.<clinit>(Control.java:98)
	... 5 more
]]></error>
  </testcase>
  <testcase name="testEmptySearchInput" classname="ci553.happyshop.client.customer.CustomerModelSearchTest" time="0.002">
    <error message="Could not initialize class javafx.scene.control.TextField" type="java.lang.NoClassDefFoundError"><![CDATA[java.lang.NoClassDefFoundError: Could not initialize class javafx.scene.control.TextField
	at ci553.happyshop@1.0-SNAPSHOT/ci553.happyshop.client.customer.CustomerModelSearchTest$MockCustomerView.<init>(CustomerModelSearchTest.java:118)
	at ci553.happyshop@1.0-SNAPSHOT/ci553.happyshop.client.customer.CustomerModelSearchTest.setUp(CustomerModelSearchTest.java:42)
	at java.base/java.lang.reflect.Method.invoke(Method.java:565)
	at java.base/java.util.ArrayList.forEach(ArrayList.java:1604)
	at java.base/java.util.ArrayList.forEach(ArrayList.java:1604)
Caused by: java.lang.ExceptionInInitializerError: Exception java.lang.ExceptionInInitializerError [in thread "main"]
	... 5 more
]]></error>
  </testcase>
  <testcase name="testSearchPrioritizesIdOverName" classname="ci553.happyshop.client.customer.CustomerModelSearchTest" time="0.001">
    <error message="Could not initialize class javafx.scene.control.TextField" type="java.lang.NoClassDefFoundError"><![CDATA[java.lang.NoClassDefFoundError: Could not initialize class javafx.scene.control.TextField
	at ci553.happyshop@1.0-SNAPSHOT/ci553.happyshop.client.customer.CustomerModelSearchTest$MockCustomerView.<init>(CustomerModelSearchTest.java:118)
	at ci553.happyshop@1.0-SNAPSHOT/ci553.happyshop.client.customer.CustomerModelSearchTest.setUp(CustomerModelSearchTest.java:42)
	at java.base/java.lang.reflect.Method.invoke(Method.java:565)
	at java.base/java.util.ArrayList.forEach(ArrayList.java:1604)
	at java.base/java.util.ArrayList.forEach(ArrayList.java:1604)
Caused by: java.lang.ExceptionInInitializerError: Exception java.lang.ExceptionInInitializerError [in thread "main"]
	... 5 more
]]></error>
  </testcase>
  <testcase name="testSearchByProductName" classname="ci553.happyshop.client.customer.CustomerModelSearchTest" time="0.001">
    <error message="Could not initialize class javafx.scene.control.TextField" type="java.lang.NoClassDefFoundError"><![CDATA[java.lang.NoClassDefFoundError: Could not initialize class javafx.scene.control.TextField
	at ci553.happyshop@1.0-SNAPSHOT/ci553.happyshop.client.customer.CustomerModelSearchTest$MockCustomerView.<init>(CustomerModelSearchTest.java:118)
	at ci553.happyshop@1.0-SNAPSHOT/ci553.happyshop.client.customer.CustomerModelSearchTest.setUp(CustomerModelSearchTest.java:42)
	at java.base/java.lang.reflect.Method.invoke(Method.java:565)
	at java.base/java.util.ArrayList.forEach(ArrayList.java:1604)
	at java.base/java.util.ArrayList.forEach(ArrayList.java:1604)
Caused by: java.lang.ExceptionInInitializerError: Exception java.lang.ExceptionInInitializerError [in thread "main"]
	... 5 more
]]></error>
  </testcase>
</testsuite>